<?xml version="1.0" encoding="UTF-8"?>
<testng-results ignored="0" total="1" passed="1" failed="0" skipped="0">
  <reporter-output>
  </reporter-output>
  <suite started-at="2022-05-14T11:10:12Z" name="Selenium_FrameWork" finished-at="2022-05-14T11:10:26Z" duration-ms="13894">
    <groups>
    </groups>
    <test started-at="2022-05-14T11:10:12Z" name="Demo Project" finished-at="2022-05-14T11:10:26Z" duration-ms="13894">
      <class name="com.sframework.testCases.TC_LoginTest_001">
        <test-method is-config="true" signature="setup(java.lang.String)[pri:0, instance:com.sframework.testCases.TC_LoginTest_001@5aebe890]" started-at="2022-05-14T11:10:13Z" name="setup" finished-at="2022-05-14T11:10:26Z" duration-ms="13102" status="PASS">
          <params>
            <param index="0">
              <value>
                <![CDATA[chrome]]>
              </value>
            </param>
          </params>
          <reporter-output>
          </reporter-output>
        </test-method> <!-- setup -->
        <test-method signature="openURL()[pri:0, instance:com.sframework.testCases.TC_LoginTest_001@5aebe890]" started-at="2022-05-14T11:10:26Z" name="openURL" finished-at="2022-05-14T11:10:26Z" duration-ms="345" status="PASS">
          <reporter-output>
          </reporter-output>
        </test-method> <!-- openURL -->
      </class> <!-- com.sframework.testCases.TC_LoginTest_001 -->
    </test> <!-- Demo Project -->
  </suite> <!-- Selenium_FrameWork -->
</testng-results>
